无法读取图像，跳过: C:/Users/14122/Desktop/test data/Met-Meme/test_data_En_ver\image_ (151) .jpg
图像 C:/Users/14122/Desktop/test data/Met-Meme/test_data_En_ver\image_ (2719).jpg 没有检测到目标，跳过...
无法读取图像，跳过: C:/Users/14122/Desktop/test data/Met-Meme/test_data_En_ver\image_ (3151).jpg
无法读取图像，跳过: C:/Users/14122/Desktop/test data/Met-Meme/test_data_En_ver\image_(151).jpg
图像 C:/Users/14122/Desktop/test data/Met-Meme/test_data_En_ver\image_(2719).jpg 没有检测到目标，跳过...
无法读取图像，跳过: C:/Users/14122/Desktop/test data/Met-Meme/test_data_En_ver\image_(3151).jpg
图像 C:/Users/14122/Desktop/test data/Met-Meme/test_data_En_ver/1\image_ (0).jpg 没有检测到目标，跳过...
图像 C:/Users/14122/Desktop/test data/Met-Meme/test_data_En_ver/1\image_ (13).jpg 没有检测到目标，跳过...
图像 C:/Users/14122/Desktop/test data/Met-Meme/test_data_En_ver/1\image_ (20).jpg 没有检测到目标，跳过...
图像 C:/Users/14122/Desktop/test data/Met-Meme/test_data_En_ver/1\image_ (4).jpg 没有检测到目标，跳过...
图像 C:/Users/14122/Desktop/test data/Met-Meme/test_data_En_ver/1\image_ (46).jpg 没有检测到目标，跳过...
图像 C:/Users/14122/Desktop/test data/Met-Meme/test_data_En_ver/1\image_ (49).jpg 没有检测到目标，跳过...
图像 C:/Users/14122/Desktop/test data/Met-Meme/test_data_En_ver/1\image_ (53).jpg 没有检测到目标，跳过...
图像 C:/Users/14122/Desktop/test data/Met-Meme/test_data_En_ver/1\image_ (58).jpg 没有检测到目标，跳过...
图像 C:/Users/14122/Desktop/test data/Met-Meme/test_data_En_ver/1\image_ (7).jpg 没有检测到目标，跳过...
处理图像 C:/Users/14122/Desktop/test data/Met-Meme/test_data_En_ver/1\image_ (0).jpg 时出错，跳过该图像。错误信息: object of type 'NoneType' has no len()
处理图像 C:/Users/14122/Desktop/test data/Met-Meme/test_data_En_ver/1\image_ (1).jpg 时出错，跳过该图像。错误信息: object of type 'NoneType' has no len()
处理图像 C:/Users/14122/Desktop/test data/Met-Meme/test_data_En_ver/1\image_ (10).jpg 时出错，跳过该图像。错误信息: OpenCV(4.11.0) D:\a\opencv-python\opencv-python\opencv\modules\core\src\arithm.cpp:230: error: (-215:Assertion failed) (mtype == CV_8U || mtype == CV_8S) && _mask.sameSize(*psrc1) in function 'cv::binary_op'

处理图像 C:/Users/14122/Desktop/test data/Met-Meme/test_data_En_ver/1\image_ (12).jpg 时出错，跳过该图像。错误信息: OpenCV(4.11.0) D:\a\opencv-python\opencv-python\opencv\modules\core\src\arithm.cpp:230: error: (-215:Assertion failed) (mtype == CV_8U || mtype == CV_8S) && _mask.sameSize(*psrc1) in function 'cv::binary_op'

处理图像 C:/Users/14122/Desktop/test data/Met-Meme/test_data_En_ver/1\image_ (13).jpg 时出错，跳过该图像。错误信息: OpenCV(4.11.0) D:\a\opencv-python\opencv-python\opencv\modules\core\src\arithm.cpp:230: error: (-215:Assertion failed) (mtype == CV_8U || mtype == CV_8S) && _mask.sameSize(*psrc1) in function 'cv::binary_op'

处理图像 C:/Users/14122/Desktop/test data/Met-Meme/test_data_En_ver/1\image_ (14).jpg 时出错，跳过该图像。错误信息: OpenCV(4.11.0) D:\a\opencv-python\opencv-python\opencv\modules\core\src\arithm.cpp:230: error: (-215:Assertion failed) (mtype == CV_8U || mtype == CV_8S) && _mask.sameSize(*psrc1) in function 'cv::binary_op'

处理图像 C:/Users/14122/Desktop/test data/Met-Meme/test_data_En_ver/1\image_ (15).jpg 时出错，跳过该图像。错误信息: OpenCV(4.11.0) D:\a\opencv-python\opencv-python\opencv\modules\core\src\arithm.cpp:230: error: (-215:Assertion failed) (mtype == CV_8U || mtype == CV_8S) && _mask.sameSize(*psrc1) in function 'cv::binary_op'

处理图像 C:/Users/14122/Desktop/test data/Met-Meme/test_data_En_ver/1\image_ (16).jpg 时出错，跳过该图像。错误信息: object of type 'NoneType' has no len()
处理图像 C:/Users/14122/Desktop/test data/Met-Meme/test_data_En_ver/1\image_ (17).jpg 时出错，跳过该图像。错误信息: OpenCV(4.11.0) D:\a\opencv-python\opencv-python\opencv\modules\core\src\arithm.cpp:230: error: (-215:Assertion failed) (mtype == CV_8U || mtype == CV_8S) && _mask.sameSize(*psrc1) in function 'cv::binary_op'

处理图像 C:/Users/14122/Desktop/test data/Met-Meme/test_data_En_ver/1\image_ (18).jpg 时出错，跳过该图像。错误信息: OpenCV(4.11.0) D:\a\opencv-python\opencv-python\opencv\modules\core\src\arithm.cpp:230: error: (-215:Assertion failed) (mtype == CV_8U || mtype == CV_8S) && _mask.sameSize(*psrc1) in function 'cv::binary_op'

处理图像 C:/Users/14122/Desktop/test data/Met-Meme/test_data_En_ver/1\image_ (19).jpg 时出错，跳过该图像。错误信息: OpenCV(4.11.0) D:\a\opencv-python\opencv-python\opencv\modules\core\src\arithm.cpp:230: error: (-215:Assertion failed) (mtype == CV_8U || mtype == CV_8S) && _mask.sameSize(*psrc1) in function 'cv::binary_op'

处理图像 C:/Users/14122/Desktop/test data/Met-Meme/test_data_En_ver/1\image_ (2).jpg 时出错，跳过该图像。错误信息: OpenCV(4.11.0) D:\a\opencv-python\opencv-python\opencv\modules\core\src\arithm.cpp:230: error: (-215:Assertion failed) (mtype == CV_8U || mtype == CV_8S) && _mask.sameSize(*psrc1) in function 'cv::binary_op'

处理图像 C:/Users/14122/Desktop/test data/Met-Meme/test_data_En_ver/1\image_ (20).jpg 时出错，跳过该图像。错误信息: object of type 'NoneType' has no len()
处理图像 C:/Users/14122/Desktop/test data/Met-Meme/test_data_En_ver/1\image_ (21).jpg 时出错，跳过该图像。错误信息: OpenCV(4.11.0) D:\a\opencv-python\opencv-python\opencv\modules\core\src\arithm.cpp:230: error: (-215:Assertion failed) (mtype == CV_8U || mtype == CV_8S) && _mask.sameSize(*psrc1) in function 'cv::binary_op'

处理图像 C:/Users/14122/Desktop/test data/Met-Meme/test_data_En_ver/1\image_ (22).jpg 时出错，跳过该图像。错误信息: OpenCV(4.11.0) D:\a\opencv-python\opencv-python\opencv\modules\core\src\arithm.cpp:230: error: (-215:Assertion failed) (mtype == CV_8U || mtype == CV_8S) && _mask.sameSize(*psrc1) in function 'cv::binary_op'

处理图像 C:/Users/14122/Desktop/test data/Met-Meme/test_data_En_ver/1\image_ (24).jpg 时出错，跳过该图像。错误信息: OpenCV(4.11.0) D:\a\opencv-python\opencv-python\opencv\modules\core\src\arithm.cpp:230: error: (-215:Assertion failed) (mtype == CV_8U || mtype == CV_8S) && _mask.sameSize(*psrc1) in function 'cv::binary_op'

处理图像 C:/Users/14122/Desktop/test data/Met-Meme/test_data_En_ver/1\image_ (25).jpg 时出错，跳过该图像。错误信息: OpenCV(4.11.0) D:\a\opencv-python\opencv-python\opencv\modules\core\src\arithm.cpp:230: error: (-215:Assertion failed) (mtype == CV_8U || mtype == CV_8S) && _mask.sameSize(*psrc1) in function 'cv::binary_op'

处理图像 C:/Users/14122/Desktop/test data/Met-Meme/test_data_En_ver/1\image_ (26).jpg 时出错，跳过该图像。错误信息: object of type 'NoneType' has no len()
处理图像 C:/Users/14122/Desktop/test data/Met-Meme/test_data_En_ver/1\image_ (27).jpg 时出错，跳过该图像。错误信息: OpenCV(4.11.0) D:\a\opencv-python\opencv-python\opencv\modules\core\src\arithm.cpp:230: error: (-215:Assertion failed) (mtype == CV_8U || mtype == CV_8S) && _mask.sameSize(*psrc1) in function 'cv::binary_op'

处理图像 C:/Users/14122/Desktop/test data/Met-Meme/test_data_En_ver/1\image_ (28).jpg 时出错，跳过该图像。错误信息: OpenCV(4.11.0) D:\a\opencv-python\opencv-python\opencv\modules\core\src\arithm.cpp:230: error: (-215:Assertion failed) (mtype == CV_8U || mtype == CV_8S) && _mask.sameSize(*psrc1) in function 'cv::binary_op'

处理图像 C:/Users/14122/Desktop/test data/Met-Meme/test_data_En_ver/1\image_ (29).jpg 时出错，跳过该图像。错误信息: OpenCV(4.11.0) D:\a\opencv-python\opencv-python\opencv\modules\core\src\arithm.cpp:230: error: (-215:Assertion failed) (mtype == CV_8U || mtype == CV_8S) && _mask.sameSize(*psrc1) in function 'cv::binary_op'

处理图像 C:/Users/14122/Desktop/test data/Met-Meme/test_data_En_ver/1\image_ (3).jpg 时出错，跳过该图像。错误信息: OpenCV(4.11.0) D:\a\opencv-python\opencv-python\opencv\modules\core\src\arithm.cpp:230: error: (-215:Assertion failed) (mtype == CV_8U || mtype == CV_8S) && _mask.sameSize(*psrc1) in function 'cv::binary_op'

处理图像 C:/Users/14122/Desktop/test data/Met-Meme/test_data_En_ver/1\image_ (30).jpg 时出错，跳过该图像。错误信息: OpenCV(4.11.0) D:\a\opencv-python\opencv-python\opencv\modules\core\src\arithm.cpp:230: error: (-215:Assertion failed) (mtype == CV_8U || mtype == CV_8S) && _mask.sameSize(*psrc1) in function 'cv::binary_op'

处理图像 C:/Users/14122/Desktop/test data/Met-Meme/test_data_En_ver/1\image_ (31).jpg 时出错，跳过该图像。错误信息: OpenCV(4.11.0) D:\a\opencv-python\opencv-python\opencv\modules\core\src\arithm.cpp:230: error: (-215:Assertion failed) (mtype == CV_8U || mtype == CV_8S) && _mask.sameSize(*psrc1) in function 'cv::binary_op'

处理图像 C:/Users/14122/Desktop/test data/Met-Meme/test_data_En_ver/1\image_ (32).jpg 时出错，跳过该图像。错误信息: OpenCV(4.11.0) D:\a\opencv-python\opencv-python\opencv\modules\core\src\arithm.cpp:230: error: (-215:Assertion failed) (mtype == CV_8U || mtype == CV_8S) && _mask.sameSize(*psrc1) in function 'cv::binary_op'

处理图像 C:/Users/14122/Desktop/test data/Met-Meme/test_data_En_ver/1\image_ (33).jpg 时出错，跳过该图像。错误信息: OpenCV(4.11.0) D:\a\opencv-python\opencv-python\opencv\modules\core\src\arithm.cpp:230: error: (-215:Assertion failed) (mtype == CV_8U || mtype == CV_8S) && _mask.sameSize(*psrc1) in function 'cv::binary_op'

处理图像 C:/Users/14122/Desktop/test data/Met-Meme/test_data_En_ver/1\image_ (34).jpg 时出错，跳过该图像。错误信息: OpenCV(4.11.0) D:\a\opencv-python\opencv-python\opencv\modules\core\src\arithm.cpp:230: error: (-215:Assertion failed) (mtype == CV_8U || mtype == CV_8S) && _mask.sameSize(*psrc1) in function 'cv::binary_op'

处理图像 C:/Users/14122/Desktop/test data/Met-Meme/test_data_En_ver/1\image_ (36).jpg 时出错，跳过该图像。错误信息: OpenCV(4.11.0) D:\a\opencv-python\opencv-python\opencv\modules\core\src\arithm.cpp:230: error: (-215:Assertion failed) (mtype == CV_8U || mtype == CV_8S) && _mask.sameSize(*psrc1) in function 'cv::binary_op'

处理图像 C:/Users/14122/Desktop/test data/Met-Meme/test_data_En_ver/1\image_ (37).jpg 时出错，跳过该图像。错误信息: OpenCV(4.11.0) D:\a\opencv-python\opencv-python\opencv\modules\core\src\arithm.cpp:230: error: (-215:Assertion failed) (mtype == CV_8U || mtype == CV_8S) && _mask.sameSize(*psrc1) in function 'cv::binary_op'

处理图像 C:/Users/14122/Desktop/test data/Met-Meme/test_data_En_ver/1\image_ (38).jpg 时出错，跳过该图像。错误信息: OpenCV(4.11.0) D:\a\opencv-python\opencv-python\opencv\modules\core\src\arithm.cpp:230: error: (-215:Assertion failed) (mtype == CV_8U || mtype == CV_8S) && _mask.sameSize(*psrc1) in function 'cv::binary_op'

处理图像 C:/Users/14122/Desktop/test data/Met-Meme/test_data_En_ver/1\image_ (39).jpg 时出错，跳过该图像。错误信息: OpenCV(4.11.0) D:\a\opencv-python\opencv-python\opencv\modules\core\src\arithm.cpp:230: error: (-215:Assertion failed) (mtype == CV_8U || mtype == CV_8S) && _mask.sameSize(*psrc1) in function 'cv::binary_op'

处理图像 C:/Users/14122/Desktop/test data/Met-Meme/test_data_En_ver/1\image_ (4).jpg 时出错，跳过该图像。错误信息: OpenCV(4.11.0) D:\a\opencv-python\opencv-python\opencv\modules\core\src\arithm.cpp:230: error: (-215:Assertion failed) (mtype == CV_8U || mtype == CV_8S) && _mask.sameSize(*psrc1) in function 'cv::binary_op'

处理图像 C:/Users/14122/Desktop/test data/Met-Meme/test_data_En_ver/1\image_ (40).jpg 时出错，跳过该图像。错误信息: OpenCV(4.11.0) D:\a\opencv-python\opencv-python\opencv\modules\core\src\arithm.cpp:230: error: (-215:Assertion failed) (mtype == CV_8U || mtype == CV_8S) && _mask.sameSize(*psrc1) in function 'cv::binary_op'

处理图像 C:/Users/14122/Desktop/test data/Met-Meme/test_data_En_ver/1\image_ (41).jpg 时出错，跳过该图像。错误信息: OpenCV(4.11.0) D:\a\opencv-python\opencv-python\opencv\modules\core\src\arithm.cpp:230: error: (-215:Assertion failed) (mtype == CV_8U || mtype == CV_8S) && _mask.sameSize(*psrc1) in function 'cv::binary_op'

处理图像 C:/Users/14122/Desktop/test data/Met-Meme/test_data_En_ver/1\image_ (42).jpg 时出错，跳过该图像。错误信息: OpenCV(4.11.0) D:\a\opencv-python\opencv-python\opencv\modules\core\src\arithm.cpp:230: error: (-215:Assertion failed) (mtype == CV_8U || mtype == CV_8S) && _mask.sameSize(*psrc1) in function 'cv::binary_op'

处理图像 C:/Users/14122/Desktop/test data/Met-Meme/test_data_En_ver/1\image_ (43).jpg 时出错，跳过该图像。错误信息: OpenCV(4.11.0) D:\a\opencv-python\opencv-python\opencv\modules\core\src\arithm.cpp:230: error: (-215:Assertion failed) (mtype == CV_8U || mtype == CV_8S) && _mask.sameSize(*psrc1) in function 'cv::binary_op'

处理图像 C:/Users/14122/Desktop/test data/Met-Meme/test_data_En_ver/1\image_ (44).jpg 时出错，跳过该图像。错误信息: object of type 'NoneType' has no len()
处理图像 C:/Users/14122/Desktop/test data/Met-Meme/test_data_En_ver/1\image_ (45).jpg 时出错，跳过该图像。错误信息: OpenCV(4.11.0) D:\a\opencv-python\opencv-python\opencv\modules\core\src\arithm.cpp:230: error: (-215:Assertion failed) (mtype == CV_8U || mtype == CV_8S) && _mask.sameSize(*psrc1) in function 'cv::binary_op'

处理图像 C:/Users/14122/Desktop/test data/Met-Meme/test_data_En_ver/1\image_ (46).jpg 时出错，跳过该图像。错误信息: OpenCV(4.11.0) D:\a\opencv-python\opencv-python\opencv\modules\core\src\arithm.cpp:230: error: (-215:Assertion failed) (mtype == CV_8U || mtype == CV_8S) && _mask.sameSize(*psrc1) in function 'cv::binary_op'

处理图像 C:/Users/14122/Desktop/test data/Met-Meme/test_data_En_ver/1\image_ (48).jpg 时出错，跳过该图像。错误信息: OpenCV(4.11.0) D:\a\opencv-python\opencv-python\opencv\modules\core\src\arithm.cpp:230: error: (-215:Assertion failed) (mtype == CV_8U || mtype == CV_8S) && _mask.sameSize(*psrc1) in function 'cv::binary_op'

处理图像 C:/Users/14122/Desktop/test data/Met-Meme/test_data_En_ver/1\image_ (49).jpg 时出错，跳过该图像。错误信息: object of type 'NoneType' has no len()
处理图像 C:/Users/14122/Desktop/test data/Met-Meme/test_data_En_ver/1\image_ (5).jpg 时出错，跳过该图像。错误信息: OpenCV(4.11.0) D:\a\opencv-python\opencv-python\opencv\modules\core\src\arithm.cpp:230: error: (-215:Assertion failed) (mtype == CV_8U || mtype == CV_8S) && _mask.sameSize(*psrc1) in function 'cv::binary_op'

处理图像 C:/Users/14122/Desktop/test data/Met-Meme/test_data_En_ver/1\image_ (50).jpg 时出错，跳过该图像。错误信息: OpenCV(4.11.0) D:\a\opencv-python\opencv-python\opencv\modules\core\src\arithm.cpp:230: error: (-215:Assertion failed) (mtype == CV_8U || mtype == CV_8S) && _mask.sameSize(*psrc1) in function 'cv::binary_op'

处理图像 C:/Users/14122/Desktop/test data/Met-Meme/test_data_En_ver/1\image_ (51).jpg 时出错，跳过该图像。错误信息: OpenCV(4.11.0) D:\a\opencv-python\opencv-python\opencv\modules\core\src\arithm.cpp:230: error: (-215:Assertion failed) (mtype == CV_8U || mtype == CV_8S) && _mask.sameSize(*psrc1) in function 'cv::binary_op'

处理图像 C:/Users/14122/Desktop/test data/Met-Meme/test_data_En_ver/1\image_ (52).jpg 时出错，跳过该图像。错误信息: OpenCV(4.11.0) D:\a\opencv-python\opencv-python\opencv\modules\core\src\arithm.cpp:230: error: (-215:Assertion failed) (mtype == CV_8U || mtype == CV_8S) && _mask.sameSize(*psrc1) in function 'cv::binary_op'

处理图像 C:/Users/14122/Desktop/test data/Met-Meme/test_data_En_ver/1\image_ (53).jpg 时出错，跳过该图像。错误信息: OpenCV(4.11.0) D:\a\opencv-python\opencv-python\opencv\modules\core\src\arithm.cpp:230: error: (-215:Assertion failed) (mtype == CV_8U || mtype == CV_8S) && _mask.sameSize(*psrc1) in function 'cv::binary_op'

处理图像 C:/Users/14122/Desktop/test data/Met-Meme/test_data_En_ver/1\image_ (54).jpg 时出错，跳过该图像。错误信息: OpenCV(4.11.0) D:\a\opencv-python\opencv-python\opencv\modules\core\src\arithm.cpp:230: error: (-215:Assertion failed) (mtype == CV_8U || mtype == CV_8S) && _mask.sameSize(*psrc1) in function 'cv::binary_op'

处理图像 C:/Users/14122/Desktop/test data/Met-Meme/test_data_En_ver/1\image_ (55).jpg 时出错，跳过该图像。错误信息: OpenCV(4.11.0) D:\a\opencv-python\opencv-python\opencv\modules\core\src\arithm.cpp:230: error: (-215:Assertion failed) (mtype == CV_8U || mtype == CV_8S) && _mask.sameSize(*psrc1) in function 'cv::binary_op'

处理图像 C:/Users/14122/Desktop/test data/Met-Meme/test_data_En_ver/1\image_ (56).jpg 时出错，跳过该图像。错误信息: OpenCV(4.11.0) D:\a\opencv-python\opencv-python\opencv\modules\core\src\arithm.cpp:230: error: (-215:Assertion failed) (mtype == CV_8U || mtype == CV_8S) && _mask.sameSize(*psrc1) in function 'cv::binary_op'

处理图像 C:/Users/14122/Desktop/test data/Met-Meme/test_data_En_ver/1\image_ (57).jpg 时出错，跳过该图像。错误信息: OpenCV(4.11.0) D:\a\opencv-python\opencv-python\opencv\modules\core\src\arithm.cpp:230: error: (-215:Assertion failed) (mtype == CV_8U || mtype == CV_8S) && _mask.sameSize(*psrc1) in function 'cv::binary_op'

处理图像 C:/Users/14122/Desktop/test data/Met-Meme/test_data_En_ver/1\image_ (58).jpg 时出错，跳过该图像。错误信息: OpenCV(4.11.0) D:\a\opencv-python\opencv-python\opencv\modules\core\src\arithm.cpp:230: error: (-215:Assertion failed) (mtype == CV_8U || mtype == CV_8S) && _mask.sameSize(*psrc1) in function 'cv::binary_op'

处理图像 C:/Users/14122/Desktop/test data/Met-Meme/test_data_En_ver/1\image_ (6).jpg 时出错，跳过该图像。错误信息: OpenCV(4.11.0) D:\a\opencv-python\opencv-python\opencv\modules\core\src\arithm.cpp:230: error: (-215:Assertion failed) (mtype == CV_8U || mtype == CV_8S) && _mask.sameSize(*psrc1) in function 'cv::binary_op'

处理图像 C:/Users/14122/Desktop/test data/Met-Meme/test_data_En_ver/1\image_ (7).jpg 时出错，跳过该图像。错误信息: object of type 'NoneType' has no len()
处理图像 C:/Users/14122/Desktop/test data/Met-Meme/test_data_En_ver/1\image_ (8).jpg 时出错，跳过该图像。错误信息: OpenCV(4.11.0) D:\a\opencv-python\opencv-python\opencv\modules\core\src\arithm.cpp:230: error: (-215:Assertion failed) (mtype == CV_8U || mtype == CV_8S) && _mask.sameSize(*psrc1) in function 'cv::binary_op'

处理图像 C:/Users/14122/Desktop/test data/Met-Meme/test_data_En_ver/1\image_ (9).jpg 时出错，跳过该图像。错误信息: OpenCV(4.11.0) D:\a\opencv-python\opencv-python\opencv\modules\core\src\arithm.cpp:230: error: (-215:Assertion failed) (mtype == CV_8U || mtype == CV_8S) && _mask.sameSize(*psrc1) in function 'cv::binary_op'

图像 C:/Users/14122/Desktop/test data/Met-Meme/test_data_En_ver/1\image_ (0).jpg 没有检测到目标，跳过...
图像 C:/Users/14122/Desktop/test data/Met-Meme/test_data_En_ver/1\image_ (1).jpg 没有检测到目标，跳过...
图像 C:/Users/14122/Desktop/test data/Met-Meme/test_data_En_ver/1\image_ (16).jpg 没有检测到目标，跳过...
图像 C:/Users/14122/Desktop/test data/Met-Meme/test_data_En_ver/1\image_ (20).jpg 没有检测到目标，跳过...
图像 C:/Users/14122/Desktop/test data/Met-Meme/test_data_En_ver/1\image_ (26).jpg 没有检测到目标，跳过...
图像 C:/Users/14122/Desktop/test data/Met-Meme/test_data_En_ver/1\image_ (44).jpg 没有检测到目标，跳过...
图像 C:/Users/14122/Desktop/test data/Met-Meme/test_data_En_ver/1\image_ (49).jpg 没有检测到目标，跳过...
图像 C:/Users/14122/Desktop/test data/Met-Meme/test_data_En_ver/1\image_ (7).jpg 没有检测到目标，跳过...
图像 C:/Users/14122/Desktop/test data/Met-Meme/test_data_En_ver/1\image_ (0).jpg 没有检测到目标，跳过...
图像 C:/Users/14122/Desktop/test data/Met-Meme/test_data_En_ver/1\image_ (13).jpg 没有检测到目标，跳过...
图像 C:/Users/14122/Desktop/test data/Met-Meme/test_data_En_ver/1\image_ (20).jpg 没有检测到目标，跳过...
图像 C:/Users/14122/Desktop/test data/Met-Meme/test_data_En_ver/1\image_ (4).jpg 没有检测到目标，跳过...
图像 C:/Users/14122/Desktop/test data/Met-Meme/test_data_En_ver/1\image_ (46).jpg 没有检测到目标，跳过...
图像 C:/Users/14122/Desktop/test data/Met-Meme/test_data_En_ver/1\image_ (49).jpg 没有检测到目标，跳过...
图像 C:/Users/14122/Desktop/test data/Met-Meme/test_data_En_ver/1\image_ (53).jpg 没有检测到目标，跳过...
图像 C:/Users/14122/Desktop/test data/Met-Meme/test_data_En_ver/1\image_ (58).jpg 没有检测到目标，跳过...
图像 C:/Users/14122/Desktop/test data/Met-Meme/test_data_En_ver/1\image_ (7).jpg 没有检测到目标，跳过...
图像 C:/Users/14122/Desktop/test data/Met-Meme/filtered_images\image_ (112).jpg 没有检测到目标，跳过...
图像 C:/Users/14122/Desktop/test data/Met-Meme/filtered_images\image_ (164).jpg 没有检测到目标，跳过...
图像 C:/Users/14122/Desktop/test data/Met-Meme/filtered_images\image_ (20).jpg 没有检测到目标，跳过...
图像 C:/Users/14122/Desktop/test data/Met-Meme/filtered_images\image_ (216).jpg 没有检测到目标，跳过...
图像 C:/Users/14122/Desktop/test data/Met-Meme/filtered_images\image_ (243).jpg 没有检测到目标，跳过...
图像 C:/Users/14122/Desktop/test data/Met-Meme/filtered_images\image_ (272).jpg 没有检测到目标，跳过...
图像 C:/Users/14122/Desktop/test data/Met-Meme/filtered_images\image_ (3540).jpg 没有检测到目标，跳过...
图像 C:/Users/14122/Desktop/test data/Met-Meme/filtered_images\image_ (3571).jpg 没有检测到目标，跳过...
图像 C:/Users/14122/Desktop/test data/Met-Meme/filtered_images\image_ (4).jpg 没有检测到目标，跳过...
图像 C:/Users/14122/Desktop/test data/Met-Meme/filtered_images\image_ (402).jpg 没有检测到目标，跳过...
图像 C:/Users/14122/Desktop/test data/Met-Meme/filtered_images\image_ (484).jpg 没有检测到目标，跳过...
图像 C:/Users/14122/Desktop/test data/Met-Meme/filtered_images\image_ (581).jpg 没有检测到目标，跳过...
图像 C:/Users/14122/Desktop/test data/Met-Meme/filtered_images\image_ (612).jpg 没有检测到目标，跳过...
图像 C:/Users/14122/Desktop/test data/Met-Meme/filtered_images\image_ (614).jpg 没有检测到目标，跳过...
图像 C:/Users/14122/Desktop/test data/Met-Meme/filtered_images\image_ (616).jpg 没有检测到目标，跳过...
图像 C:/Users/14122/Desktop/test data/Met-Meme/filtered_images\image_ (800).jpg 没有检测到目标，跳过...
图像 C:/Users/14122/Desktop/test data/Met-Meme/filtered_images\image_ (112).jpg 没有检测到目标，跳过...
图像 C:/Users/14122/Desktop/test data/Met-Meme/filtered_images\image_ (164).jpg 没有检测到目标，跳过...
图像 C:/Users/14122/Desktop/test data/Met-Meme/filtered_images\image_ (20).jpg 没有检测到目标，跳过...
图像 C:/Users/14122/Desktop/test data/Met-Meme/filtered_images\image_ (243).jpg 没有检测到目标，跳过...
图像 C:/Users/14122/Desktop/test data/Met-Meme/filtered_images\image_ (283).jpg 没有检测到目标，跳过...
图像 C:/Users/14122/Desktop/test data/Met-Meme/filtered_images\image_ (3540).jpg 没有检测到目标，跳过...
图像 C:/Users/14122/Desktop/test data/Met-Meme/filtered_images\image_ (3571).jpg 没有检测到目标，跳过...
图像 C:/Users/14122/Desktop/test data/Met-Meme/filtered_images\image_ (388).jpg 没有检测到目标，跳过...
图像 C:/Users/14122/Desktop/test data/Met-Meme/filtered_images\image_ (416).jpg 没有检测到目标，跳过...
图像 C:/Users/14122/Desktop/test data/Met-Meme/filtered_images\image_ (419).jpg 没有检测到目标，跳过...
图像 C:/Users/14122/Desktop/test data/Met-Meme/filtered_images\image_ (441).jpg 没有检测到目标，跳过...
图像 C:/Users/14122/Desktop/test data/Met-Meme/filtered_images\image_ (500).jpg 没有检测到目标，跳过...
图像 C:/Users/14122/Desktop/test data/Met-Meme/filtered_images\image_ (581).jpg 没有检测到目标，跳过...
图像 C:/Users/14122/Desktop/test data/Met-Meme/filtered_images\image_ (582).jpg 没有检测到目标，跳过...
图像 C:/Users/14122/Desktop/test data/Met-Meme/filtered_images\image_ (614).jpg 没有检测到目标，跳过...
图像 C:/Users/14122/Desktop/test data/Met-Meme/filtered_images\image_ (616).jpg 没有检测到目标，跳过...
图像 C:/Users/14122/Desktop/test data/Met-Meme/filtered_images\image_ (649).jpg 没有检测到目标，跳过...
图像 C:/Users/14122/Desktop/test data/Met-Meme/filtered_images\image_ (709).jpg 没有检测到目标，跳过...
图像 C:/Users/14122/Desktop/test data/Met-Meme/filtered_images\image_ (800).jpg 没有检测到目标，跳过...
